   1               		.file	"lightctl.c"
   2               	__SREG__ = 0x3f
   3               	__SP_H__ = 0x3e
   4               	__SP_L__ = 0x3d
   5               	__CCP__  = 0x34
   6               	__tmp_reg__ = 0
   7               	__zero_reg__ = 1
   8               		.global __do_copy_data
   9               		.global __do_clear_bss
  17               	.Ltext0:
  18               		.section	.text.set_default_duty_cycles,"ax",@progbits
  19               	.global	set_default_duty_cycles
  21               	set_default_duty_cycles:
  22               	.LFB7:
  23               	.LSM0:
  24               	/* prologue: function */
  25               	/* frame size = 0 */
  26               	.L2:
  27               	.LSM1:
  28 0000 17BC      		out 71-32,__zero_reg__
  29               	.LSM2:
  30 0002 18BC      		out 72-32,__zero_reg__
  31               	.LSM3:
  32 0004 1092 B300 		sts 179,__zero_reg__
  33               	.LSM4:
  34 0008 1092 B400 		sts 180,__zero_reg__
  35               	.LSM5:
  36 000c 1092 8900 		sts 137,__zero_reg__
  37               	.LSM6:
  38 0010 1092 8800 		sts 136,__zero_reg__
  39               	.LSM7:
  40 0014 1092 8B00 		sts 139,__zero_reg__
  41               	.LSM8:
  42 0018 1092 8A00 		sts 138,__zero_reg__
  43               	.LSM9:
  44 001c 1092 8D00 		sts 141,__zero_reg__
  45               	.LSM10:
  46 0020 1092 8C00 		sts 140,__zero_reg__
  47               	.LSM11:
  48 0024 1092 9900 		sts 153,__zero_reg__
  49               	.LSM12:
  50 0028 1092 9800 		sts 152,__zero_reg__
  51               	.LSM13:
  52 002c 1092 9B00 		sts 155,__zero_reg__
  53               	.LSM14:
  54 0030 1092 9A00 		sts 154,__zero_reg__
  55               	.LSM15:
  56 0034 1092 9D00 		sts 157,__zero_reg__
  57               	.LSM16:
  58 0038 1092 9C00 		sts 156,__zero_reg__
  59 003c 00C0      		rjmp .L2
  60               	.LFE7:
  62               		.section	.text.setup_pwms,"ax",@progbits
  63               	.global	setup_pwms
  65               	setup_pwms:
  66               	.LFB8:
  67               	.LSM17:
  68               	/* prologue: function */
  69               	/* frame size = 0 */
  70               	.LSM18:
  71 0000 84B1      		in r24,36-32
  72 0002 806F      		ori r24,lo8(-16)
  73 0004 84B9      		out 36-32,r24
  74               	.LSM19:
  75 0006 8AB1      		in r24,42-32
  76 0008 8360      		ori r24,lo8(3)
  77 000a 8AB9      		out 42-32,r24
  78               	.LSM20:
  79 000c 93EA      		ldi r25,lo8(-93)
  80 000e 94BD      		out 68-32,r25
  81               	.LSM21:
  82 0010 81E0      		ldi r24,lo8(1)
  83 0012 85BD      		out 69-32,r24
  84               	.LSM22:
  85 0014 9093 B000 		sts 176,r25
  86               	.LSM23:
  87 0018 8093 B100 		sts 177,r24
  88               	.LSM24:
  89 001c 91EA      		ldi r25,lo8(-95)
  90 001e 9093 8000 		sts 128,r25
  91               	.LSM25:
  92 0022 89E0      		ldi r24,lo8(9)
  93 0024 8093 8100 		sts 129,r24
  94               	.LSM26:
  95 0028 1092 8200 		sts 130,__zero_reg__
  96               	.LSM27:
  97 002c 9093 9000 		sts 144,r25
  98               	.LSM28:
  99 0030 8093 9100 		sts 145,r24
 100               	.LSM29:
 101 0034 1092 9200 		sts 146,__zero_reg__
 102               	/* epilogue start */
 103               	.LSM30:
 104 0038 0895      		ret
 105               	.LFE8:
 107               		.section	.text.send_str,"ax",@progbits
 108               	.global	send_str
 110               	send_str:
 111               	.LFB16:
 112               	.LSM31:
 113               	.LVL0:
 114 0000 CF93      		push r28
 115 0002 DF93      		push r29
 116               	/* prologue: function */
 117               	/* frame size = 0 */
 118 0004 EC01      		movw r28,r24
 119               	.LVL1:
 120               	.L8:
 121               	.LSM32:
 122 0006 FE01      		movw r30,r28
 123               	.LVL2:
 124               	.LBB48:
 125               	.LSM33:
 126 0008 2196      		adiw r28,1
 127               	/* #APP */
 128               	 ;  408 "lightctl.c" 1
 129 000a 8491      		lpm r24, Z
 130               		
 131               	 ;  0 "" 2
 132               	.LVL3:
 133               	/* #NOAPP */
 134               	.LBE48:
 135               	.LSM34:
 136 000c 8823      		tst r24
 137 000e 01F0      		breq .L9
 138               	.LSM35:
 139 0010 0E94 0000 		call usb_serial_putchar
 140               	.LVL4:
 141 0014 00C0      		rjmp .L8
 142               	.LVL5:
 143               	.L9:
 144               	/* epilogue start */
 145               	.LSM36:
 146 0016 DF91      		pop r29
 147 0018 CF91      		pop r28
 148               	.LVL6:
 149 001a 0895      		ret
 150               	.LFE16:
 152               		.section	.text.parse_and_execute_command,"ax",@progbits
 153               	.global	parse_and_execute_command
 155               	parse_and_execute_command:
 156               	.LFB18:
 157               	.LSM37:
 158               	.LVL7:
 159 0000 CF93      		push r28
 160 0002 DF93      		push r29
 161               	/* prologue: function */
 162               	/* frame size = 0 */
 163 0004 EC01      		movw r28,r24
 164               	.LSM38:
 165 0006 6330      		cpi r22,lo8(3)
 166 0008 00F4      		brsh .L11
 167               	.LVL8:
 168               	.LSM39:
 169 000a 80E0      		ldi r24,lo8(__c.1639)
 170 000c 90E0      		ldi r25,hi8(__c.1639)
 171 000e 00C0      		rjmp .L24
 172               	.LVL9:
 173               	.L11:
 174               	.LSM40:
 175 0010 8881      		ld r24,Y
 176 0012 982F      		mov r25,r24
 177               	.LVL10:
 178 0014 9154      		subi r25,lo8(-(-65))
 179 0016 9630      		cpi r25,lo8(6)
 180 0018 00F0      		brlo .L13
 181               	.LSM41:
 182 001a 9052      		subi r25,lo8(-(-32))
 183 001c 9630      		cpi r25,lo8(6)
 184 001e 00F0      		brlo .L13
 185               	.LSM42:
 186 0020 80E0      		ldi r24,lo8(__c.1641)
 187 0022 90E0      		ldi r25,hi8(__c.1641)
 188 0024 0E94 0000 		call send_str
 189               	.LVL11:
 190               	.LSM43:
 191 0028 8881      		ld r24,Y
 192 002a 0E94 0000 		call usb_serial_putchar
 193               	.LSM44:
 194 002e 80E0      		ldi r24,lo8(__c.1643)
 195 0030 90E0      		ldi r25,hi8(__c.1643)
 196 0032 00C0      		rjmp .L24
 197               	.LVL12:
 198               	.L13:
 199               	.LSM45:
 200 0034 2981      		ldd r18,Y+1
 201               	.LVL13:
 202 0036 2053      		subi r18,lo8(-(-48))
 203 0038 2830      		cpi r18,lo8(8)
 204 003a 00F4      		brsh .L14
 205               	.LSM46:
 206 003c 8A81      		ldd r24,Y+2
 207 003e 8F33      		cpi r24,lo8(63)
 208 0040 01F4      		brne .L23
 209 0042 00C0      		rjmp .L26
 210               	.L14:
 211               	.LSM47:
 212 0044 80E0      		ldi r24,lo8(__c.1645)
 213 0046 90E0      		ldi r25,hi8(__c.1645)
 214 0048 0E94 0000 		call send_str
 215               	.LVL14:
 216               	.LSM48:
 217 004c 8881      		ld r24,Y
 218 004e 0E94 0000 		call usb_serial_putchar
 219               	.LSM49:
 220 0052 80E0      		ldi r24,lo8(__c.1647)
 221 0054 90E0      		ldi r25,hi8(__c.1647)
 222 0056 00C0      		rjmp .L24
 223               	.LVL15:
 224               	.L26:
 225               	.LSM50:
 226 0058 E3E0      		ldi r30,lo8(3)
 227 005a 9E9F      		mul r25,r30
 228 005c F001      		movw r30,r0
 229 005e 1124      		clr r1
 230 0060 81E0      		ldi r24,lo8(1)
 231 0062 90E0      		ldi r25,hi8(1)
 232 0064 00C0      		rjmp 2f
 233 0066 880F      	1:	lsl r24
 234 0068 991F      		rol r25
 235 006a 2A95      	2:	dec r18
 236 006c 02F4      		brpl 1b
 237 006e 382F      		mov r19,r24
 238 0070 3095      		com r19
 239 0072 21A1      		ldd r18,Z+33
 240               	.LVL16:
 241 0074 2323      		and r18,r19
 242 0076 21A3      		std Z+33,r18
 243               	.LSM51:
 244 0078 20A1      		ldd r18,Z+32
 245 007a 8223      		and r24,r18
 246 007c 01F4      		brne .L17
 247 007e 80E3      		ldi r24,lo8(48)
 248 0080 00C0      		rjmp .L18
 249               	.L17:
 250 0082 81E3      		ldi r24,lo8(49)
 251               	.L18:
 252 0084 0E94 0000 		call usb_serial_putchar
 253               	.LVL17:
 254               	.LSM52:
 255 0088 80E0      		ldi r24,lo8(__c.1649)
 256 008a 90E0      		ldi r25,hi8(__c.1649)
 257 008c 00C0      		rjmp .L24
 258               	.LVL18:
 259               	.L23:
 260               	.LSM53:
 261 008e 6330      		cpi r22,lo8(3)
 262 0090 01F0      		breq .L19
 263 0092 8D33      		cpi r24,lo8(61)
 264 0094 01F4      		brne .L19
 265               	.LSM54:
 266 0096 8B81      		ldd r24,Y+3
 267 0098 8033      		cpi r24,lo8(48)
 268 009a 01F4      		brne .L20
 269               	.LSM55:
 270 009c E3E0      		ldi r30,lo8(3)
 271 009e 9E9F      		mul r25,r30
 272 00a0 F001      		movw r30,r0
 273 00a2 1124      		clr r1
 274 00a4 81E0      		ldi r24,lo8(1)
 275 00a6 90E0      		ldi r25,hi8(1)
 276 00a8 00C0      		rjmp 2f
 277 00aa 880F      	1:	lsl r24
 278 00ac 991F      		rol r25
 279 00ae 2A95      	2:	dec r18
 280 00b0 02F4      		brpl 1b
 281 00b2 21A1      		ldd r18,Z+33
 282               	.LVL19:
 283 00b4 282B      		or r18,r24
 284 00b6 21A3      		std Z+33,r18
 285               	.LSM56:
 286 00b8 8095      		com r24
 287 00ba 22A1      		ldd r18,Z+34
 288 00bc 2823      		and r18,r24
 289 00be 00C0      		rjmp .L25
 290               	.LVL20:
 291               	.L20:
 292               	.LSM57:
 293 00c0 8133      		cpi r24,lo8(49)
 294 00c2 01F4      		brne .L21
 295               	.LSM58:
 296 00c4 E3E0      		ldi r30,lo8(3)
 297 00c6 9E9F      		mul r25,r30
 298 00c8 F001      		movw r30,r0
 299 00ca 1124      		clr r1
 300 00cc 81E0      		ldi r24,lo8(1)
 301 00ce 90E0      		ldi r25,hi8(1)
 302 00d0 00C0      		rjmp 2f
 303 00d2 880F      	1:	lsl r24
 304 00d4 991F      		rol r25
 305 00d6 2A95      	2:	dec r18
 306 00d8 02F4      		brpl 1b
 307 00da 21A1      		ldd r18,Z+33
 308               	.LVL21:
 309 00dc 282B      		or r18,r24
 310 00de 21A3      		std Z+33,r18
 311               	.LSM59:
 312 00e0 22A1      		ldd r18,Z+34
 313 00e2 282B      		or r18,r24
 314               	.L25:
 315 00e4 22A3      		std Z+34,r18
 316 00e6 00C0      		rjmp .L22
 317               	.LVL22:
 318               	.L21:
 319               	.LSM60:
 320 00e8 80E0      		ldi r24,lo8(__c.1651)
 321 00ea 90E0      		ldi r25,hi8(__c.1651)
 322 00ec 0E94 0000 		call send_str
 323               	.LVL23:
 324               	.LSM61:
 325 00f0 8B81      		ldd r24,Y+3
 326 00f2 0E94 0000 		call usb_serial_putchar
 327               	.LSM62:
 328 00f6 80E0      		ldi r24,lo8(__c.1653)
 329 00f8 90E0      		ldi r25,hi8(__c.1653)
 330 00fa 00C0      		rjmp .L24
 331               	.LVL24:
 332               	.L19:
 333               	.LSM63:
 334 00fc 80E0      		ldi r24,lo8(__c.1655)
 335 00fe 90E0      		ldi r25,hi8(__c.1655)
 336 0100 0E94 0000 		call send_str
 337               	.LVL25:
 338               	.LSM64:
 339 0104 8881      		ld r24,Y
 340 0106 0E94 0000 		call usb_serial_putchar
 341               	.LSM65:
 342 010a 80E0      		ldi r24,lo8(__c.1657)
 343 010c 90E0      		ldi r25,hi8(__c.1657)
 344               	.LVL26:
 345               	.L24:
 346 010e 0E94 0000 		call send_str
 347               	.LVL27:
 348               	.L22:
 349               	/* epilogue start */
 350               	.LSM66:
 351 0112 DF91      		pop r29
 352 0114 CF91      		pop r28
 353               	.LVL28:
 354 0116 0895      		ret
 355               	.LFE18:
 357               		.section	.text.handle_pwm_ports_command,"ax",@progbits
 358               	.global	handle_pwm_ports_command
 360               	handle_pwm_ports_command:
 361               	.LFB13:
 362               	.LSM67:
 363               	/* prologue: function */
 364               	/* frame size = 0 */
 365               	.LSM68:
 366 0000 83E0      		ldi r24,lo8(3)
 367 0002 0E94 0000 		call usb_serial_putchar
 368               	.LSM69:
 369 0006 80E0      		ldi r24,lo8(0)
 370 0008 0E94 0000 		call usb_serial_putchar
 371               	.LSM70:
 372 000c 80E0      		ldi r24,lo8(__c.1574)
 373 000e 90E0      		ldi r25,hi8(__c.1574)
 374 0010 0E94 0000 		call send_str
 375               	/* epilogue start */
 376               	.LSM71:
 377 0014 0895      		ret
 378               	.LFE13:
 380               		.section	.text.handle_ping_command,"ax",@progbits
 381               	.global	handle_ping_command
 383               	handle_ping_command:
 384               	.LFB12:
 385               	.LSM72:
 386               	.LVL29:
 387 0000 FF92      		push r15
 388 0002 0F93      		push r16
 389 0004 1F93      		push r17
 390 0006 CF93      		push r28
 391 0008 DF93      		push r29
 392               	/* prologue: function */
 393               	/* frame size = 0 */
 394 000a 182F      		mov r17,r24
 395 000c 092F      		mov r16,r25
 396               	.LVL30:
 397 000e F62E      		mov r15,r22
 398               	.LSM73:
 399 0010 82E0      		ldi r24,lo8(2)
 400               	.LVL31:
 401 0012 0E94 0000 		call usb_serial_putchar
 402               	.LVL32:
 403 0016 212F      		mov r18,r17
 404 0018 302F      		mov r19,r16
 405 001a C901      		movw r24,r18
 406 001c EC01      		movw r28,r24
 407 001e 11E0      		ldi r17,lo8(1)
 408               	.LVL33:
 409 0020 00C0      		rjmp .L30
 410               	.L31:
 411               	.LSM74:
 412 0022 8881      		ld r24,Y
 413 0024 0E94 0000 		call usb_serial_putchar
 414               	.LSM75:
 415 0028 1F5F      		subi r17,lo8(-(1))
 416               	.L30:
 417 002a 2196      		adiw r28,1
 418               	.LSM76:
 419 002c 1F15      		cp r17,r15
 420 002e 00F0      		brlo .L31
 421               	.LSM77:
 422 0030 8AE0      		ldi r24,lo8(10)
 423 0032 0E94 0000 		call usb_serial_putchar
 424               	/* epilogue start */
 425               	.LSM78:
 426 0036 DF91      		pop r29
 427 0038 CF91      		pop r28
 428 003a 1F91      		pop r17
 429               	.LVL34:
 430 003c 0F91      		pop r16
 431               	.LVL35:
 432 003e FF90      		pop r15
 433               	.LVL36:
 434 0040 0895      		ret
 435               	.LFE12:
 437               		.section	.text.handle_version_command,"ax",@progbits
 438               	.global	handle_version_command
 440               	handle_version_command:
 441               	.LFB11:
 442               	.LSM79:
 443               	/* prologue: function */
 444               	/* frame size = 0 */
 445               	.LSM80:
 446 0000 80E0      		ldi r24,lo8(0)
 447 0002 0E94 0000 		call usb_serial_putchar
 448               	.LSM81:
 449 0006 80E0      		ldi r24,lo8(__c.1557)
 450 0008 90E0      		ldi r25,hi8(__c.1557)
 451 000a 0E94 0000 		call send_str
 452               	/* epilogue start */
 453               	.LSM82:
 454 000e 0895      		ret
 455               	.LFE11:
 457               		.section	.text.handle_set_pwm_command,"ax",@progbits
 458               	.global	handle_set_pwm_command
 460               	handle_set_pwm_command:
 461               	.LFB9:
 462               	.LSM83:
 463               	.LVL37:
 464 0000 0F93      		push r16
 465 0002 1F93      		push r17
 466               	/* prologue: function */
 467               	/* frame size = 0 */
 468 0004 182F      		mov r17,r24
 469 0006 062F      		mov r16,r22
 470               	.LSM84:
 471 0008 84E0      		ldi r24,lo8(4)
 472               	.LVL38:
 473 000a 0E94 0000 		call usb_serial_putchar
 474               	.LVL39:
 475               	.LSM85:
 476 000e 812F      		mov r24,r17
 477 0010 0E94 0000 		call usb_serial_putchar
 478               	.LSM86:
 479 0014 1430      		cpi r17,lo8(4)
 480 0016 01F0      		breq .L41
 481 0018 1530      		cpi r17,lo8(5)
 482 001a 00F4      		brsh .L46
 483 001c 1130      		cpi r17,lo8(1)
 484 001e 01F0      		breq .L38
 485 0020 1130      		cpi r17,lo8(1)
 486 0022 00F0      		brlo .L37
 487 0024 1230      		cpi r17,lo8(2)
 488 0026 01F0      		breq .L39
 489 0028 1330      		cpi r17,lo8(3)
 490 002a 01F4      		brne .L36
 491 002c 00C0      		rjmp .L51
 492               	.L46:
 493 002e 1630      		cpi r17,lo8(6)
 494 0030 01F0      		breq .L43
 495 0032 1630      		cpi r17,lo8(6)
 496 0034 00F0      		brlo .L42
 497 0036 1730      		cpi r17,lo8(7)
 498 0038 01F0      		breq .L44
 499 003a 1830      		cpi r17,lo8(8)
 500 003c 01F4      		brne .L36
 501 003e 00C0      		rjmp .L52
 502               	.L37:
 503               	.LSM87:
 504 0040 07BD      		out 71-32,r16
 505 0042 00C0      		rjmp .L47
 506               	.L38:
 507               	.LSM88:
 508 0044 08BD      		out 72-32,r16
 509 0046 00C0      		rjmp .L47
 510               	.L39:
 511               	.LSM89:
 512 0048 802F      		mov r24,r16
 513 004a 90E0      		ldi r25,lo8(0)
 514 004c 9093 8900 		sts (136)+1,r25
 515 0050 8093 8800 		sts 136,r24
 516 0054 00C0      		rjmp .L47
 517               	.L51:
 518               	.LSM90:
 519 0056 802F      		mov r24,r16
 520 0058 90E0      		ldi r25,lo8(0)
 521 005a 9093 8B00 		sts (138)+1,r25
 522 005e 8093 8A00 		sts 138,r24
 523 0062 00C0      		rjmp .L47
 524               	.L41:
 525               	.LSM91:
 526 0064 0093 B300 		sts 179,r16
 527 0068 00C0      		rjmp .L47
 528               	.L42:
 529               	.LSM92:
 530 006a 0093 B400 		sts 180,r16
 531 006e 00C0      		rjmp .L47
 532               	.L43:
 533               	.LSM93:
 534 0070 802F      		mov r24,r16
 535 0072 90E0      		ldi r25,lo8(0)
 536 0074 9093 9900 		sts (152)+1,r25
 537 0078 8093 9800 		sts 152,r24
 538 007c 00C0      		rjmp .L47
 539               	.L44:
 540               	.LSM94:
 541 007e 802F      		mov r24,r16
 542 0080 90E0      		ldi r25,lo8(0)
 543 0082 9093 9B00 		sts (154)+1,r25
 544 0086 8093 9A00 		sts 154,r24
 545 008a 00C0      		rjmp .L47
 546               	.L52:
 547               	.LSM95:
 548 008c 802F      		mov r24,r16
 549 008e 90E0      		ldi r25,lo8(0)
 550 0090 9093 9D00 		sts (156)+1,r25
 551 0094 8093 9C00 		sts 156,r24
 552 0098 00C0      		rjmp .L47
 553               	.L36:
 554               	.LSM96:
 555 009a 81E0      		ldi r24,lo8(1)
 556 009c 00C0      		rjmp .L50
 557               	.L47:
 558               	.LSM97:
 559 009e 80E0      		ldi r24,lo8(0)
 560               	.L50:
 561 00a0 0E94 0000 		call usb_serial_putchar
 562               	.LSM98:
 563 00a4 8AE0      		ldi r24,lo8(10)
 564 00a6 0E94 0000 		call usb_serial_putchar
 565               	/* epilogue start */
 566               	.LSM99:
 567 00aa 1F91      		pop r17
 568               	.LVL40:
 569 00ac 0F91      		pop r16
 570               	.LVL41:
 571 00ae 0895      		ret
 572               	.LFE9:
 574               		.section	.text.recv_str,"ax",@progbits
 575               	.global	recv_str
 577               	recv_str:
 578               	.LFB17:
 579               	.LSM100:
 580               	.LVL42:
 581 0000 0F93      		push r16
 582 0002 1F93      		push r17
 583 0004 CF93      		push r28
 584 0006 DF93      		push r29
 585               	/* prologue: function */
 586               	/* frame size = 0 */
 587 0008 EC01      		movw r28,r24
 588 000a 062F      		mov r16,r22
 589               	.LSM101:
 590 000c 10E0      		ldi r17,lo8(0)
 591               	.LVL43:
 592 000e 00C0      		rjmp .L60
 593               	.LVL44:
 594               	.L58:
 595               	.LSM102:
 596 0010 0E94 0000 		call usb_serial_getchar
 597               	.LVL45:
 598               	.LSM103:
 599 0014 2FEF      		ldi r18,hi8(-1)
 600 0016 8F3F      		cpi r24,lo8(-1)
 601 0018 9207      		cpc r25,r18
 602               	.LVL46:
 603 001a 01F0      		breq .L55
 604               	.LSM104:
 605 001c 8D30      		cpi r24,13
 606 001e 9105      		cpc r25,__zero_reg__
 607 0020 01F0      		breq .L56
 608 0022 8A30      		cpi r24,10
 609 0024 9105      		cpc r25,__zero_reg__
 610 0026 01F0      		breq .L56
 611               	.LSM105:
 612 0028 8993      		st Y+,r24
 613               	.LSM106:
 614 002a 1F5F      		subi r17,lo8(-(1))
 615 002c 00C0      		rjmp .L60
 616               	.L55:
 617               	.LSM107:
 618 002e 0E94 0000 		call usb_configured
 619               	.LVL47:
 620 0032 8823      		tst r24
 621 0034 01F0      		breq .L57
 622 0036 0E94 0000 		call usb_serial_get_control
 623 003a 80FF      		sbrs r24,0
 624 003c 00C0      		rjmp .L57
 625               	.LVL48:
 626               	.L60:
 627               	.LSM108:
 628 003e 1017      		cp r17,r16
 629 0040 00F0      		brlo .L58
 630 0042 00C0      		rjmp .L56
 631               	.LVL49:
 632               	.L57:
 633 0044 1FEF      		ldi r17,lo8(-1)
 634               	.LVL50:
 635               	.L56:
 636               	.LSM109:
 637 0046 812F      		mov r24,r17
 638               	.LVL51:
 639               	/* epilogue start */
 640 0048 DF91      		pop r29
 641 004a CF91      		pop r28
 642               	.LVL52:
 643 004c 1F91      		pop r17
 644               	.LVL53:
 645 004e 0F91      		pop r16
 646               	.LVL54:
 647 0050 0895      		ret
 648               	.LFE17:
 650               		.section	.text.sensor_display,"ax",@progbits
 651               	.global	sensor_display
 653               	sensor_display:
 654               	.LFB6:
 655               	.LSM110:
 656 0000 1F93      		push r17
 657 0002 CF93      		push r28
 658 0004 DF93      		push r29
 659               	/* prologue: function */
 660               	/* frame size = 0 */
 661               	.LSM111:
 662 0006 CFEF      		ldi r28,lo8(255)
 663 0008 D0E0      		ldi r29,hi8(255)
 664               	.LSM112:
 665 000a 1FEF      		ldi r17,lo8(-1)
 666               	.LVL55:
 667               	.L75:
 668               	.LSM113:
 669 000c 80E0      		ldi r24,lo8(0)
 670 000e 60E4      		ldi r22,lo8(64)
 671 0010 0E94 0000 		call adc_start
 672               	.LVL56:
 673               	.LSM114:
 674 0014 0E94 0000 		call adc_read
 675 0018 9C01      		movw r18,r24
 676               	.LSM115:
 677 001a 8436      		cpi r24,100
 678 001c 9105      		cpc r25,__zero_reg__
 679               	.LVL57:
 680 001e 00F4      		brsh .L62
 681               	.LSM116:
 682 0020 18BC      		out 72-32,__zero_reg__
 683 0022 00C0      		rjmp .L82
 684               	.L62:
 685               	.LSM117:
 686 0024 883C      		cpi r24,200
 687 0026 9105      		cpc r25,__zero_reg__
 688 0028 00F4      		brsh .L64
 689               	.LSM118:
 690 002a 18BC      		out 72-32,__zero_reg__
 691 002c 00C0      		rjmp .L83
 692               	.L64:
 693               	.LSM119:
 694 002e 81E0      		ldi r24,hi8(300)
 695 0030 2C32      		cpi r18,lo8(300)
 696 0032 3807      		cpc r19,r24
 697               	.LVL58:
 698 0034 00F4      		brsh .L65
 699               	.LSM120:
 700 0036 18BC      		out 72-32,__zero_reg__
 701 0038 00C0      		rjmp .L80
 702               	.L65:
 703               	.LSM121:
 704 003a 81E0      		ldi r24,hi8(400)
 705 003c 2039      		cpi r18,lo8(400)
 706 003e 3807      		cpc r19,r24
 707 0040 00F4      		brsh .L66
 708               	.LSM122:
 709 0042 18BC      		out 72-32,__zero_reg__
 710 0044 00C0      		rjmp .L81
 711               	.L66:
 712               	.LSM123:
 713 0046 81E0      		ldi r24,hi8(500)
 714 0048 243F      		cpi r18,lo8(500)
 715 004a 3807      		cpc r19,r24
 716 004c 00F4      		brsh .L67
 717               	.LSM124:
 718 004e 18BD      		out 72-32,r17
 719               	.LVL59:
 720               	.L82:
 721               	.LSM125:
 722 0050 1092 8900 		sts (136)+1,__zero_reg__
 723 0054 1092 8800 		sts 136,__zero_reg__
 724 0058 00C0      		rjmp .L76
 725               	.LVL60:
 726               	.L67:
 727               	.LSM126:
 728 005a 82E0      		ldi r24,hi8(600)
 729 005c 2835      		cpi r18,lo8(600)
 730 005e 3807      		cpc r19,r24
 731 0060 00F4      		brsh .L68
 732               	.LSM127:
 733 0062 18BD      		out 72-32,r17
 734               	.LVL61:
 735               	.L83:
 736               	.LSM128:
 737 0064 1092 8900 		sts (136)+1,__zero_reg__
 738 0068 1092 8800 		sts 136,__zero_reg__
 739 006c 00C0      		rjmp .L77
 740               	.LVL62:
 741               	.L68:
 742               	.LSM129:
 743 006e 82E0      		ldi r24,hi8(700)
 744 0070 2C3B      		cpi r18,lo8(700)
 745 0072 3807      		cpc r19,r24
 746 0074 00F4      		brsh .L69
 747               	.LSM130:
 748 0076 18BD      		out 72-32,r17
 749               	.L80:
 750               	.LSM131:
 751 0078 1092 8900 		sts (136)+1,__zero_reg__
 752 007c 1092 8800 		sts 136,__zero_reg__
 753               	.LSM132:
 754 0080 1093 B300 		sts 179,r17
 755 0084 00C0      		rjmp .L79
 756               	.L69:
 757               	.LSM133:
 758 0086 83E0      		ldi r24,hi8(800)
 759 0088 2032      		cpi r18,lo8(800)
 760 008a 3807      		cpc r19,r24
 761 008c 00F4      		brsh .L70
 762               	.LSM134:
 763 008e 18BD      		out 72-32,r17
 764               	.L81:
 765               	.LSM135:
 766 0090 1092 8900 		sts (136)+1,__zero_reg__
 767 0094 1092 8800 		sts 136,__zero_reg__
 768               	.LSM136:
 769 0098 1093 B300 		sts 179,r17
 770 009c 00C0      		rjmp .L78
 771               	.L70:
 772               	.LSM137:
 773 009e 83E0      		ldi r24,hi8(900)
 774 00a0 2438      		cpi r18,lo8(900)
 775 00a2 3807      		cpc r19,r24
 776 00a4 00F4      		brsh .L71
 777               	.LSM138:
 778 00a6 18BC      		out 72-32,__zero_reg__
 779               	.LSM139:
 780 00a8 D093 8900 		sts (136)+1,r29
 781 00ac C093 8800 		sts 136,r28
 782               	.LVL63:
 783               	.L76:
 784               	.LSM140:
 785 00b0 1092 B300 		sts 179,__zero_reg__
 786               	.L79:
 787               	.LSM141:
 788 00b4 1092 B400 		sts 180,__zero_reg__
 789 00b8 00C0      		rjmp .L75
 790               	.LVL64:
 791               	.L71:
 792               	.LSM142:
 793 00ba 285E      		subi r18,lo8(1000)
 794 00bc 3340      		sbci r19,hi8(1000)
 795 00be 00F0      		brlo .+2
 796 00c0 00C0      		rjmp .L75
 797               	.LSM143:
 798 00c2 18BC      		out 72-32,__zero_reg__
 799               	.LSM144:
 800 00c4 D093 8900 		sts (136)+1,r29
 801 00c8 C093 8800 		sts 136,r28
 802               	.LVL65:
 803               	.L77:
 804               	.LSM145:
 805 00cc 1092 B300 		sts 179,__zero_reg__
 806               	.L78:
 807               	.LSM146:
 808 00d0 1093 B400 		sts 180,r17
 809 00d4 00C0      		rjmp .L75
 810               	.LFE6:
 812               		.section	.text.main,"ax",@progbits
 813               	.global	main
 815               	main:
 816               	.LFB15:
 817               	.LSM147:
 818               	/* prologue: function */
 819               	/* frame size = 0 */
 820               	.LSM148:
 821 0000 80E8      		ldi r24,lo8(-128)
 822 0002 8093 6100 		sts 97,r24
 823 0006 82E0      		ldi r24,lo8(2)
 824 0008 8093 6100 		sts 97,r24
 825               	.LSM149:
 826 000c 0E94 0000 		call setup_pwms
 827               	.L85:
 828               	.LSM150:
 829 0010 0E94 0000 		call sensor_display
 830 0014 00C0      		rjmp .L85
 831               	.LFE15:
 833               		.section	.text.handle_sensor_query,"ax",@progbits
 834               	.global	handle_sensor_query
 836               	handle_sensor_query:
 837               	.LFB10:
 838               	.LSM151:
 839               	.LVL66:
 840 0000 DF92      		push r13
 841 0002 EF92      		push r14
 842 0004 FF92      		push r15
 843 0006 0F93      		push r16
 844 0008 1F93      		push r17
 845 000a DF93      		push r29
 846 000c CF93      		push r28
 847 000e 00D0      		rcall .
 848 0010 00D0      		rcall .
 849 0012 CDB7      		in r28,__SP_L__
 850 0014 DEB7      		in r29,__SP_H__
 851               	/* prologue: function */
 852               	/* frame size = 4 */
 853 0016 182F      		mov r17,r24
 854               	.LSM152:
 855 0018 87E0      		ldi r24,lo8(7)
 856               	.LVL67:
 857 001a 0E94 0000 		call usb_serial_putchar
 858               	.LSM153:
 859 001e 812F      		mov r24,r17
 860 0020 0E94 0000 		call usb_serial_putchar
 861               	.LSM154:
 862 0024 1330      		cpi r17,lo8(3)
 863 0026 01F4      		brne .+2
 864 0028 00C0      		rjmp .L92
 865 002a 1430      		cpi r17,lo8(4)
 866 002c 00F4      		brsh .L97
 867 002e 1130      		cpi r17,lo8(1)
 868 0030 01F4      		brne .+2
 869 0032 00C0      		rjmp .L90
 870 0034 1230      		cpi r17,lo8(2)
 871 0036 00F0      		brlo .+2
 872 0038 00C0      		rjmp .L91
 873 003a 00C0      		rjmp .L182
 874               	.L97:
 875 003c 1530      		cpi r17,lo8(5)
 876 003e 01F4      		brne .+2
 877 0040 00C0      		rjmp .L94
 878 0042 1530      		cpi r17,lo8(5)
 879 0044 00F4      		brsh .+2
 880 0046 00C0      		rjmp .L93
 881 0048 1630      		cpi r17,lo8(6)
 882 004a 01F4      		brne .+2
 883 004c 00C0      		rjmp .L95
 884 004e 1730      		cpi r17,lo8(7)
 885 0050 01F0      		breq .+2
 886 0052 00C0      		rjmp .L180
 887 0054 00C0      		rjmp .L183
 888               	.L182:
 889               	.LSM155:
 890 0056 80E0      		ldi r24,lo8(0)
 891 0058 60E4      		ldi r22,lo8(64)
 892 005a 0E94 0000 		call adc_start
 893 005e 01E0      		ldi r16,lo8(1)
 894 0060 10E0      		ldi r17,hi8(1)
 895               	.LVL68:
 896               	.LSM156:
 897 0062 F0E2      		ldi r31,lo8(32)
 898 0064 DF2E      		mov r13,r31
 899               	.LSM157:
 900 0066 7E01      		movw r14,r28
 901 0068 0894      		sec
 902 006a E11C      		adc r14,__zero_reg__
 903 006c F11C      		adc r15,__zero_reg__
 904               	.L104:
 905               	.LSM158:
 906 006e 0E94 0000 		call adc_read
 907 0072 9C01      		movw r18,r24
 908               	.LSM159:
 909 0074 892F      		mov r24,r25
 910 0076 9927      		clr r25
 911               	.LVL69:
 912 0078 482F      		mov r20,r24
 913 007a 4F70      		andi r20,lo8(15)
 914 007c 8F70      		andi r24,lo8(15)
 915 007e 9070      		andi r25,hi8(15)
 916 0080 0A97      		sbiw r24,10
 917 0082 00F4      		brsh .L98
 918 0084 542F      		mov r21,r20
 919 0086 505D      		subi r21,lo8(-(48))
 920 0088 00C0      		rjmp .L99
 921               	.L98:
 922 008a 542F      		mov r21,r20
 923 008c 595C      		subi r21,lo8(-(55))
 924               	.L99:
 925               	.LSM160:
 926 008e C901      		movw r24,r18
 927               	.LVL70:
 928 0090 74E0      		ldi r23,4
 929 0092 9695      	1:	lsr r25
 930 0094 8795      		ror r24
 931 0096 7A95      		dec r23
 932 0098 01F4      		brne 1b
 933 009a 482F      		mov r20,r24
 934 009c 4F70      		andi r20,lo8(15)
 935 009e 8F70      		andi r24,lo8(15)
 936 00a0 9070      		andi r25,hi8(15)
 937 00a2 0A97      		sbiw r24,10
 938 00a4 00F4      		brsh .L100
 939 00a6 842F      		mov r24,r20
 940 00a8 805D      		subi r24,lo8(-(48))
 941 00aa 00C0      		rjmp .L101
 942               	.L100:
 943 00ac 842F      		mov r24,r20
 944 00ae 895C      		subi r24,lo8(-(55))
 945               	.L101:
 946 00b0 922F      		mov r25,r18
 947               	.LVL71:
 948 00b2 9F70      		andi r25,lo8(15)
 949               	.LSM161:
 950 00b4 2F70      		andi r18,lo8(15)
 951 00b6 3070      		andi r19,hi8(15)
 952               	.LVL72:
 953 00b8 2A30      		cpi r18,10
 954 00ba 3105      		cpc r19,__zero_reg__
 955 00bc 00F4      		brsh .L102
 956 00be 905D      		subi r25,lo8(-(48))
 957 00c0 00C0      		rjmp .L103
 958               	.L102:
 959 00c2 995C      		subi r25,lo8(-(55))
 960               	.L103:
 961 00c4 9B83      		std Y+3,r25
 962               	.LSM162:
 963 00c6 DC82      		std Y+4,r13
 964               	.LSM163:
 965 00c8 8A83      		std Y+2,r24
 966               	.LSM164:
 967 00ca 5983      		std Y+1,r21
 968               	.LSM165:
 969 00cc C701      		movw r24,r14
 970 00ce 64E0      		ldi r22,lo8(4)
 971 00d0 70E0      		ldi r23,hi8(4)
 972 00d2 0E94 0000 		call usb_serial_write
 973               	.LVL73:
 974               	.LSM166:
 975 00d6 0F5F      		subi r16,lo8(-(1))
 976 00d8 1F4F      		sbci r17,hi8(-(1))
 977 00da 0A30      		cpi r16,10
 978 00dc 1105      		cpc r17,__zero_reg__
 979 00de 01F4      		brne .L104
 980 00e0 00C0      		rjmp .L105
 981               	.LVL74:
 982               	.L90:
 983               	.LSM167:
 984 00e2 81E0      		ldi r24,lo8(1)
 985 00e4 60E4      		ldi r22,lo8(64)
 986 00e6 0E94 0000 		call adc_start
 987 00ea 88E8      		ldi r24,lo8(5000)
 988 00ec 93E1      		ldi r25,hi8(5000)
 989               	.LVL75:
 990               	.LBB49:
 991               	.LBB50:
 992               	.LBB51:
 993               	.LBB52:
 994               	.LSM168:
 995 00ee 20E9      		ldi r18,lo8(400)
 996 00f0 31E0      		ldi r19,hi8(400)
 997               	.L106:
 998 00f2 F901      		movw r30,r18
 999               	.LVL76:
 1000               	/* #APP */
 1001               	 ;  105 "/usr/lib/gcc/avr/4.3.4/../../../avr/include/util/delay_basic.h" 1
 1002 00f4 3197      		1: sbiw r30,1
 1003 00f6 01F4      		brne 1b
 1004               	 ;  0 "" 2
 1005               	/* #NOAPP */
 1006               	.LBE52:
 1007               	.LBE51:
 1008               	.LSM169:
 1009 00f8 0197      		sbiw r24,1
 1010               	.LSM170:
 1011 00fa 01F4      		brne .L106
 1012 00fc 01E0      		ldi r16,lo8(1)
 1013 00fe 10E0      		ldi r17,hi8(1)
 1014               	.LVL77:
 1015               	.LBE50:
 1016               	.LBE49:
 1017               	.LSM171:
 1018 0100 60E2      		ldi r22,lo8(32)
 1019 0102 D62E      		mov r13,r22
 1020               	.LSM172:
 1021 0104 7E01      		movw r14,r28
 1022 0106 0894      		sec
 1023 0108 E11C      		adc r14,__zero_reg__
 1024 010a F11C      		adc r15,__zero_reg__
 1025               	.L113:
 1026               	.LSM173:
 1027 010c 0E94 0000 		call adc_read
 1028               	.LVL78:
 1029 0110 9C01      		movw r18,r24
 1030               	.LSM174:
 1031 0112 892F      		mov r24,r25
 1032 0114 9927      		clr r25
 1033               	.LVL79:
 1034 0116 482F      		mov r20,r24
 1035 0118 4F70      		andi r20,lo8(15)
 1036 011a 8F70      		andi r24,lo8(15)
 1037 011c 9070      		andi r25,hi8(15)
 1038 011e 0A97      		sbiw r24,10
 1039 0120 00F4      		brsh .L107
 1040 0122 542F      		mov r21,r20
 1041 0124 505D      		subi r21,lo8(-(48))
 1042 0126 00C0      		rjmp .L108
 1043               	.L107:
 1044 0128 542F      		mov r21,r20
 1045 012a 595C      		subi r21,lo8(-(55))
 1046               	.L108:
 1047               	.LSM175:
 1048 012c C901      		movw r24,r18
 1049               	.LVL80:
 1050 012e 44E0      		ldi r20,4
 1051 0130 9695      	1:	lsr r25
 1052 0132 8795      		ror r24
 1053 0134 4A95      		dec r20
 1054 0136 01F4      		brne 1b
 1055 0138 482F      		mov r20,r24
 1056 013a 4F70      		andi r20,lo8(15)
 1057 013c 8F70      		andi r24,lo8(15)
 1058 013e 9070      		andi r25,hi8(15)
 1059 0140 0A97      		sbiw r24,10
 1060 0142 00F4      		brsh .L109
 1061 0144 842F      		mov r24,r20
 1062 0146 805D      		subi r24,lo8(-(48))
 1063 0148 00C0      		rjmp .L110
 1064               	.L109:
 1065 014a 842F      		mov r24,r20
 1066 014c 895C      		subi r24,lo8(-(55))
 1067               	.L110:
 1068 014e 922F      		mov r25,r18
 1069               	.LVL81:
 1070 0150 9F70      		andi r25,lo8(15)
 1071               	.LSM176:
 1072 0152 2F70      		andi r18,lo8(15)
 1073 0154 3070      		andi r19,hi8(15)
 1074               	.LVL82:
 1075 0156 2A30      		cpi r18,10
 1076 0158 3105      		cpc r19,__zero_reg__
 1077 015a 00F4      		brsh .L111
 1078 015c 905D      		subi r25,lo8(-(48))
 1079 015e 00C0      		rjmp .L112
 1080               	.L111:
 1081 0160 995C      		subi r25,lo8(-(55))
 1082               	.L112:
 1083 0162 9B83      		std Y+3,r25
 1084               	.LSM177:
 1085 0164 DC82      		std Y+4,r13
 1086               	.LSM178:
 1087 0166 8A83      		std Y+2,r24
 1088               	.LSM179:
 1089 0168 5983      		std Y+1,r21
 1090               	.LSM180:
 1091 016a C701      		movw r24,r14
 1092 016c 64E0      		ldi r22,lo8(4)
 1093 016e 70E0      		ldi r23,hi8(4)
 1094 0170 0E94 0000 		call usb_serial_write
 1095               	.LVL83:
 1096               	.LSM181:
 1097 0174 0F5F      		subi r16,lo8(-(1))
 1098 0176 1F4F      		sbci r17,hi8(-(1))
 1099 0178 0A30      		cpi r16,10
 1100 017a 1105      		cpc r17,__zero_reg__
 1101 017c 01F4      		brne .L113
 1102 017e 00C0      		rjmp .L105
 1103               	.LVL84:
 1104               	.L91:
 1105               	.LSM182:
 1106 0180 82E0      		ldi r24,lo8(2)
 1107 0182 60E4      		ldi r22,lo8(64)
 1108 0184 0E94 0000 		call adc_start
 1109 0188 88E8      		ldi r24,lo8(5000)
 1110 018a 93E1      		ldi r25,hi8(5000)
 1111               	.LVL85:
 1112               	.LBB53:
 1113               	.LBB54:
 1114               	.LBB55:
 1115               	.LBB56:
 1116               	.LSM183:
 1117 018c 20E9      		ldi r18,lo8(400)
 1118 018e 31E0      		ldi r19,hi8(400)
 1119               	.L114:
 1120 0190 F901      		movw r30,r18
 1121               	.LVL86:
 1122               	/* #APP */
 1123               	 ;  105 "/usr/lib/gcc/avr/4.3.4/../../../avr/include/util/delay_basic.h" 1
 1124 0192 3197      		1: sbiw r30,1
 1125 0194 01F4      		brne 1b
 1126               	 ;  0 "" 2
 1127               	/* #NOAPP */
 1128               	.LBE56:
 1129               	.LBE55:
 1130               	.LSM184:
 1131 0196 0197      		sbiw r24,1
 1132               	.LSM185:
 1133 0198 01F4      		brne .L114
 1134 019a 01E0      		ldi r16,lo8(1)
 1135 019c 10E0      		ldi r17,hi8(1)
 1136               	.LVL87:
 1137               	.LBE54:
 1138               	.LBE53:
 1139               	.LSM186:
 1140 019e 80E2      		ldi r24,lo8(32)
 1141 01a0 D82E      		mov r13,r24
 1142               	.LVL88:
 1143               	.LSM187:
 1144 01a2 7E01      		movw r14,r28
 1145 01a4 0894      		sec
 1146 01a6 E11C      		adc r14,__zero_reg__
 1147 01a8 F11C      		adc r15,__zero_reg__
 1148               	.L121:
 1149               	.LSM188:
 1150 01aa 0E94 0000 		call adc_read
 1151               	.LVL89:
 1152 01ae 9C01      		movw r18,r24
 1153               	.LSM189:
 1154 01b0 892F      		mov r24,r25
 1155 01b2 9927      		clr r25
 1156               	.LVL90:
 1157 01b4 482F      		mov r20,r24
 1158 01b6 4F70      		andi r20,lo8(15)
 1159 01b8 8F70      		andi r24,lo8(15)
 1160 01ba 9070      		andi r25,hi8(15)
 1161 01bc 0A97      		sbiw r24,10
 1162 01be 00F4      		brsh .L115
 1163 01c0 542F      		mov r21,r20
 1164 01c2 505D      		subi r21,lo8(-(48))
 1165 01c4 00C0      		rjmp .L116
 1166               	.L115:
 1167 01c6 542F      		mov r21,r20
 1168 01c8 595C      		subi r21,lo8(-(55))
 1169               	.L116:
 1170               	.LSM190:
 1171 01ca C901      		movw r24,r18
 1172               	.LVL91:
 1173 01cc A4E0      		ldi r26,4
 1174 01ce 9695      	1:	lsr r25
 1175 01d0 8795      		ror r24
 1176 01d2 AA95      		dec r26
 1177 01d4 01F4      		brne 1b
 1178 01d6 482F      		mov r20,r24
 1179 01d8 4F70      		andi r20,lo8(15)
 1180 01da 8F70      		andi r24,lo8(15)
 1181 01dc 9070      		andi r25,hi8(15)
 1182 01de 0A97      		sbiw r24,10
 1183 01e0 00F4      		brsh .L117
 1184 01e2 842F      		mov r24,r20
 1185 01e4 805D      		subi r24,lo8(-(48))
 1186 01e6 00C0      		rjmp .L118
 1187               	.L117:
 1188 01e8 842F      		mov r24,r20
 1189 01ea 895C      		subi r24,lo8(-(55))
 1190               	.L118:
 1191 01ec 922F      		mov r25,r18
 1192               	.LVL92:
 1193 01ee 9F70      		andi r25,lo8(15)
 1194               	.LSM191:
 1195 01f0 2F70      		andi r18,lo8(15)
 1196 01f2 3070      		andi r19,hi8(15)
 1197               	.LVL93:
 1198 01f4 2A30      		cpi r18,10
 1199 01f6 3105      		cpc r19,__zero_reg__
 1200 01f8 00F4      		brsh .L119
 1201 01fa 905D      		subi r25,lo8(-(48))
 1202 01fc 00C0      		rjmp .L120
 1203               	.L119:
 1204 01fe 995C      		subi r25,lo8(-(55))
 1205               	.L120:
 1206 0200 9B83      		std Y+3,r25
 1207               	.LSM192:
 1208 0202 DC82      		std Y+4,r13
 1209               	.LSM193:
 1210 0204 8A83      		std Y+2,r24
 1211               	.LSM194:
 1212 0206 5983      		std Y+1,r21
 1213               	.LSM195:
 1214 0208 C701      		movw r24,r14
 1215 020a 64E0      		ldi r22,lo8(4)
 1216 020c 70E0      		ldi r23,hi8(4)
 1217 020e 0E94 0000 		call usb_serial_write
 1218               	.LVL94:
 1219               	.LSM196:
 1220 0212 0F5F      		subi r16,lo8(-(1))
 1221 0214 1F4F      		sbci r17,hi8(-(1))
 1222 0216 0A30      		cpi r16,10
 1223 0218 1105      		cpc r17,__zero_reg__
 1224 021a 01F4      		brne .L121
 1225 021c 00C0      		rjmp .L105
 1226               	.LVL95:
 1227               	.L92:
 1228               	.LSM197:
 1229 021e 83E0      		ldi r24,lo8(3)
 1230 0220 60E4      		ldi r22,lo8(64)
 1231 0222 0E94 0000 		call adc_start
 1232 0226 88E8      		ldi r24,lo8(5000)
 1233 0228 93E1      		ldi r25,hi8(5000)
 1234               	.LVL96:
 1235               	.LBB57:
 1236               	.LBB58:
 1237               	.LBB59:
 1238               	.LBB60:
 1239               	.LSM198:
 1240 022a 20E9      		ldi r18,lo8(400)
 1241 022c 31E0      		ldi r19,hi8(400)
 1242               	.L122:
 1243 022e F901      		movw r30,r18
 1244               	.LVL97:
 1245               	/* #APP */
 1246               	 ;  105 "/usr/lib/gcc/avr/4.3.4/../../../avr/include/util/delay_basic.h" 1
 1247 0230 3197      		1: sbiw r30,1
 1248 0232 01F4      		brne 1b
 1249               	 ;  0 "" 2
 1250               	/* #NOAPP */
 1251               	.LBE60:
 1252               	.LBE59:
 1253               	.LSM199:
 1254 0234 0197      		sbiw r24,1
 1255               	.LSM200:
 1256 0236 01F4      		brne .L122
 1257 0238 01E0      		ldi r16,lo8(1)
 1258 023a 10E0      		ldi r17,hi8(1)
 1259               	.LVL98:
 1260               	.LBE58:
 1261               	.LBE57:
 1262               	.LSM201:
 1263 023c F0E2      		ldi r31,lo8(32)
 1264 023e DF2E      		mov r13,r31
 1265               	.LSM202:
 1266 0240 7E01      		movw r14,r28
 1267 0242 0894      		sec
 1268 0244 E11C      		adc r14,__zero_reg__
 1269 0246 F11C      		adc r15,__zero_reg__
 1270               	.L129:
 1271               	.LSM203:
 1272 0248 0E94 0000 		call adc_read
 1273               	.LVL99:
 1274 024c 9C01      		movw r18,r24
 1275               	.LSM204:
 1276 024e 892F      		mov r24,r25
 1277 0250 9927      		clr r25
 1278               	.LVL100:
 1279 0252 482F      		mov r20,r24
 1280 0254 4F70      		andi r20,lo8(15)
 1281 0256 8F70      		andi r24,lo8(15)
 1282 0258 9070      		andi r25,hi8(15)
 1283 025a 0A97      		sbiw r24,10
 1284 025c 00F4      		brsh .L123
 1285 025e 542F      		mov r21,r20
 1286 0260 505D      		subi r21,lo8(-(48))
 1287 0262 00C0      		rjmp .L124
 1288               	.L123:
 1289 0264 542F      		mov r21,r20
 1290 0266 595C      		subi r21,lo8(-(55))
 1291               	.L124:
 1292               	.LSM205:
 1293 0268 C901      		movw r24,r18
 1294               	.LVL101:
 1295 026a 74E0      		ldi r23,4
 1296 026c 9695      	1:	lsr r25
 1297 026e 8795      		ror r24
 1298 0270 7A95      		dec r23
 1299 0272 01F4      		brne 1b
 1300 0274 482F      		mov r20,r24
 1301 0276 4F70      		andi r20,lo8(15)
 1302 0278 8F70      		andi r24,lo8(15)
 1303 027a 9070      		andi r25,hi8(15)
 1304 027c 0A97      		sbiw r24,10
 1305 027e 00F4      		brsh .L125
 1306 0280 842F      		mov r24,r20
 1307 0282 805D      		subi r24,lo8(-(48))
 1308 0284 00C0      		rjmp .L126
 1309               	.L125:
 1310 0286 842F      		mov r24,r20
 1311 0288 895C      		subi r24,lo8(-(55))
 1312               	.L126:
 1313 028a 922F      		mov r25,r18
 1314               	.LVL102:
 1315 028c 9F70      		andi r25,lo8(15)
 1316               	.LSM206:
 1317 028e 2F70      		andi r18,lo8(15)
 1318 0290 3070      		andi r19,hi8(15)
 1319               	.LVL103:
 1320 0292 2A30      		cpi r18,10
 1321 0294 3105      		cpc r19,__zero_reg__
 1322 0296 00F4      		brsh .L127
 1323 0298 905D      		subi r25,lo8(-(48))
 1324 029a 00C0      		rjmp .L128
 1325               	.L127:
 1326 029c 995C      		subi r25,lo8(-(55))
 1327               	.L128:
 1328 029e 9B83      		std Y+3,r25
 1329               	.LSM207:
 1330 02a0 DC82      		std Y+4,r13
 1331               	.LSM208:
 1332 02a2 8A83      		std Y+2,r24
 1333               	.LSM209:
 1334 02a4 5983      		std Y+1,r21
 1335               	.LSM210:
 1336 02a6 C701      		movw r24,r14
 1337 02a8 64E0      		ldi r22,lo8(4)
 1338 02aa 70E0      		ldi r23,hi8(4)
 1339 02ac 0E94 0000 		call usb_serial_write
 1340               	.LVL104:
 1341               	.LSM211:
 1342 02b0 0F5F      		subi r16,lo8(-(1))
 1343 02b2 1F4F      		sbci r17,hi8(-(1))
 1344 02b4 0A30      		cpi r16,10
 1345 02b6 1105      		cpc r17,__zero_reg__
 1346 02b8 01F4      		brne .L129
 1347 02ba 00C0      		rjmp .L105
 1348               	.LVL105:
 1349               	.L93:
 1350               	.LSM212:
 1351 02bc 84E0      		ldi r24,lo8(4)
 1352 02be 60E4      		ldi r22,lo8(64)
 1353 02c0 0E94 0000 		call adc_start
 1354 02c4 88E8      		ldi r24,lo8(5000)
 1355 02c6 93E1      		ldi r25,hi8(5000)
 1356               	.LVL106:
 1357               	.LBB61:
 1358               	.LBB62:
 1359               	.LBB63:
 1360               	.LBB64:
 1361               	.LSM213:
 1362 02c8 20E9      		ldi r18,lo8(400)
 1363 02ca 31E0      		ldi r19,hi8(400)
 1364               	.L130:
 1365 02cc F901      		movw r30,r18
 1366               	.LVL107:
 1367               	/* #APP */
 1368               	 ;  105 "/usr/lib/gcc/avr/4.3.4/../../../avr/include/util/delay_basic.h" 1
 1369 02ce 3197      		1: sbiw r30,1
 1370 02d0 01F4      		brne 1b
 1371               	 ;  0 "" 2
 1372               	/* #NOAPP */
 1373               	.LBE64:
 1374               	.LBE63:
 1375               	.LSM214:
 1376 02d2 0197      		sbiw r24,1
 1377               	.LSM215:
 1378 02d4 01F4      		brne .L130
 1379 02d6 01E0      		ldi r16,lo8(1)
 1380 02d8 10E0      		ldi r17,hi8(1)
 1381               	.LVL108:
 1382               	.LBE62:
 1383               	.LBE61:
 1384               	.LSM216:
 1385 02da 60E2      		ldi r22,lo8(32)
 1386 02dc D62E      		mov r13,r22
 1387               	.LSM217:
 1388 02de 7E01      		movw r14,r28
 1389 02e0 0894      		sec
 1390 02e2 E11C      		adc r14,__zero_reg__
 1391 02e4 F11C      		adc r15,__zero_reg__
 1392               	.L137:
 1393               	.LSM218:
 1394 02e6 0E94 0000 		call adc_read
 1395               	.LVL109:
 1396 02ea 9C01      		movw r18,r24
 1397               	.LSM219:
 1398 02ec 892F      		mov r24,r25
 1399 02ee 9927      		clr r25
 1400               	.LVL110:
 1401 02f0 482F      		mov r20,r24
 1402 02f2 4F70      		andi r20,lo8(15)
 1403 02f4 8F70      		andi r24,lo8(15)
 1404 02f6 9070      		andi r25,hi8(15)
 1405 02f8 0A97      		sbiw r24,10
 1406 02fa 00F4      		brsh .L131
 1407 02fc 542F      		mov r21,r20
 1408 02fe 505D      		subi r21,lo8(-(48))
 1409 0300 00C0      		rjmp .L132
 1410               	.L131:
 1411 0302 542F      		mov r21,r20
 1412 0304 595C      		subi r21,lo8(-(55))
 1413               	.L132:
 1414               	.LSM220:
 1415 0306 C901      		movw r24,r18
 1416               	.LVL111:
 1417 0308 44E0      		ldi r20,4
 1418 030a 9695      	1:	lsr r25
 1419 030c 8795      		ror r24
 1420 030e 4A95      		dec r20
 1421 0310 01F4      		brne 1b
 1422 0312 482F      		mov r20,r24
 1423 0314 4F70      		andi r20,lo8(15)
 1424 0316 8F70      		andi r24,lo8(15)
 1425 0318 9070      		andi r25,hi8(15)
 1426 031a 0A97      		sbiw r24,10
 1427 031c 00F4      		brsh .L133
 1428 031e 842F      		mov r24,r20
 1429 0320 805D      		subi r24,lo8(-(48))
 1430 0322 00C0      		rjmp .L134
 1431               	.L133:
 1432 0324 842F      		mov r24,r20
 1433 0326 895C      		subi r24,lo8(-(55))
 1434               	.L134:
 1435 0328 922F      		mov r25,r18
 1436               	.LVL112:
 1437 032a 9F70      		andi r25,lo8(15)
 1438               	.LSM221:
 1439 032c 2F70      		andi r18,lo8(15)
 1440 032e 3070      		andi r19,hi8(15)
 1441               	.LVL113:
 1442 0330 2A30      		cpi r18,10
 1443 0332 3105      		cpc r19,__zero_reg__
 1444 0334 00F4      		brsh .L135
 1445 0336 905D      		subi r25,lo8(-(48))
 1446 0338 00C0      		rjmp .L136
 1447               	.L135:
 1448 033a 995C      		subi r25,lo8(-(55))
 1449               	.L136:
 1450 033c 9B83      		std Y+3,r25
 1451               	.LSM222:
 1452 033e DC82      		std Y+4,r13
 1453               	.LSM223:
 1454 0340 8A83      		std Y+2,r24
 1455               	.LSM224:
 1456 0342 5983      		std Y+1,r21
 1457               	.LSM225:
 1458 0344 C701      		movw r24,r14
 1459 0346 64E0      		ldi r22,lo8(4)
 1460 0348 70E0      		ldi r23,hi8(4)
 1461 034a 0E94 0000 		call usb_serial_write
 1462               	.LVL114:
 1463               	.LSM226:
 1464 034e 0F5F      		subi r16,lo8(-(1))
 1465 0350 1F4F      		sbci r17,hi8(-(1))
 1466 0352 0A30      		cpi r16,10
 1467 0354 1105      		cpc r17,__zero_reg__
 1468 0356 01F4      		brne .L137
 1469 0358 00C0      		rjmp .L105
 1470               	.LVL115:
 1471               	.L94:
 1472               	.LSM227:
 1473 035a 85E0      		ldi r24,lo8(5)
 1474 035c 60E4      		ldi r22,lo8(64)
 1475 035e 0E94 0000 		call adc_start
 1476 0362 88E8      		ldi r24,lo8(5000)
 1477 0364 93E1      		ldi r25,hi8(5000)
 1478               	.LVL116:
 1479               	.LBB65:
 1480               	.LBB66:
 1481               	.LBB67:
 1482               	.LBB68:
 1483               	.LSM228:
 1484 0366 20E9      		ldi r18,lo8(400)
 1485 0368 31E0      		ldi r19,hi8(400)
 1486               	.L138:
 1487 036a F901      		movw r30,r18
 1488               	.LVL117:
 1489               	/* #APP */
 1490               	 ;  105 "/usr/lib/gcc/avr/4.3.4/../../../avr/include/util/delay_basic.h" 1
 1491 036c 3197      		1: sbiw r30,1
 1492 036e 01F4      		brne 1b
 1493               	 ;  0 "" 2
 1494               	/* #NOAPP */
 1495               	.LBE68:
 1496               	.LBE67:
 1497               	.LSM229:
 1498 0370 0197      		sbiw r24,1
 1499               	.LSM230:
 1500 0372 01F4      		brne .L138
 1501 0374 01E0      		ldi r16,lo8(1)
 1502 0376 10E0      		ldi r17,hi8(1)
 1503               	.LVL118:
 1504               	.LBE66:
 1505               	.LBE65:
 1506               	.LSM231:
 1507 0378 80E2      		ldi r24,lo8(32)
 1508 037a D82E      		mov r13,r24
 1509               	.LVL119:
 1510               	.LSM232:
 1511 037c 7E01      		movw r14,r28
 1512 037e 0894      		sec
 1513 0380 E11C      		adc r14,__zero_reg__
 1514 0382 F11C      		adc r15,__zero_reg__
 1515               	.L145:
 1516               	.LSM233:
 1517 0384 0E94 0000 		call adc_read
 1518               	.LVL120:
 1519 0388 9C01      		movw r18,r24
 1520               	.LSM234:
 1521 038a 892F      		mov r24,r25
 1522 038c 9927      		clr r25
 1523               	.LVL121:
 1524 038e 482F      		mov r20,r24
 1525 0390 4F70      		andi r20,lo8(15)
 1526 0392 8F70      		andi r24,lo8(15)
 1527 0394 9070      		andi r25,hi8(15)
 1528 0396 0A97      		sbiw r24,10
 1529 0398 00F4      		brsh .L139
 1530 039a 542F      		mov r21,r20
 1531 039c 505D      		subi r21,lo8(-(48))
 1532 039e 00C0      		rjmp .L140
 1533               	.L139:
 1534 03a0 542F      		mov r21,r20
 1535 03a2 595C      		subi r21,lo8(-(55))
 1536               	.L140:
 1537               	.LSM235:
 1538 03a4 C901      		movw r24,r18
 1539               	.LVL122:
 1540 03a6 A4E0      		ldi r26,4
 1541 03a8 9695      	1:	lsr r25
 1542 03aa 8795      		ror r24
 1543 03ac AA95      		dec r26
 1544 03ae 01F4      		brne 1b
 1545 03b0 482F      		mov r20,r24
 1546 03b2 4F70      		andi r20,lo8(15)
 1547 03b4 8F70      		andi r24,lo8(15)
 1548 03b6 9070      		andi r25,hi8(15)
 1549 03b8 0A97      		sbiw r24,10
 1550 03ba 00F4      		brsh .L141
 1551 03bc 842F      		mov r24,r20
 1552 03be 805D      		subi r24,lo8(-(48))
 1553 03c0 00C0      		rjmp .L142
 1554               	.L141:
 1555 03c2 842F      		mov r24,r20
 1556 03c4 895C      		subi r24,lo8(-(55))
 1557               	.L142:
 1558 03c6 922F      		mov r25,r18
 1559               	.LVL123:
 1560 03c8 9F70      		andi r25,lo8(15)
 1561               	.LSM236:
 1562 03ca 2F70      		andi r18,lo8(15)
 1563 03cc 3070      		andi r19,hi8(15)
 1564               	.LVL124:
 1565 03ce 2A30      		cpi r18,10
 1566 03d0 3105      		cpc r19,__zero_reg__
 1567 03d2 00F4      		brsh .L143
 1568 03d4 905D      		subi r25,lo8(-(48))
 1569 03d6 00C0      		rjmp .L144
 1570               	.L143:
 1571 03d8 995C      		subi r25,lo8(-(55))
 1572               	.L144:
 1573 03da 9B83      		std Y+3,r25
 1574               	.LSM237:
 1575 03dc DC82      		std Y+4,r13
 1576               	.LSM238:
 1577 03de 8A83      		std Y+2,r24
 1578               	.LSM239:
 1579 03e0 5983      		std Y+1,r21
 1580               	.LSM240:
 1581 03e2 C701      		movw r24,r14
 1582 03e4 64E0      		ldi r22,lo8(4)
 1583 03e6 70E0      		ldi r23,hi8(4)
 1584 03e8 0E94 0000 		call usb_serial_write
 1585               	.LVL125:
 1586               	.LSM241:
 1587 03ec 0F5F      		subi r16,lo8(-(1))
 1588 03ee 1F4F      		sbci r17,hi8(-(1))
 1589 03f0 0A30      		cpi r16,10
 1590 03f2 1105      		cpc r17,__zero_reg__
 1591 03f4 01F4      		brne .L145
 1592 03f6 00C0      		rjmp .L105
 1593               	.LVL126:
 1594               	.L95:
 1595               	.LSM242:
 1596 03f8 86E0      		ldi r24,lo8(6)
 1597 03fa 60E4      		ldi r22,lo8(64)
 1598 03fc 0E94 0000 		call adc_start
 1599 0400 88E8      		ldi r24,lo8(5000)
 1600 0402 93E1      		ldi r25,hi8(5000)
 1601               	.LVL127:
 1602               	.LBB69:
 1603               	.LBB70:
 1604               	.LBB71:
 1605               	.LBB72:
 1606               	.LSM243:
 1607 0404 20E9      		ldi r18,lo8(400)
 1608 0406 31E0      		ldi r19,hi8(400)
 1609               	.L146:
 1610 0408 F901      		movw r30,r18
 1611               	.LVL128:
 1612               	/* #APP */
 1613               	 ;  105 "/usr/lib/gcc/avr/4.3.4/../../../avr/include/util/delay_basic.h" 1
 1614 040a 3197      		1: sbiw r30,1
 1615 040c 01F4      		brne 1b
 1616               	 ;  0 "" 2
 1617               	/* #NOAPP */
 1618               	.LBE72:
 1619               	.LBE71:
 1620               	.LSM244:
 1621 040e 0197      		sbiw r24,1
 1622               	.LSM245:
 1623 0410 01F4      		brne .L146
 1624 0412 01E0      		ldi r16,lo8(1)
 1625 0414 10E0      		ldi r17,hi8(1)
 1626               	.LVL129:
 1627               	.LBE70:
 1628               	.LBE69:
 1629               	.LSM246:
 1630 0416 F0E2      		ldi r31,lo8(32)
 1631 0418 DF2E      		mov r13,r31
 1632               	.LSM247:
 1633 041a 7E01      		movw r14,r28
 1634 041c 0894      		sec
 1635 041e E11C      		adc r14,__zero_reg__
 1636 0420 F11C      		adc r15,__zero_reg__
 1637               	.L153:
 1638               	.LSM248:
 1639 0422 0E94 0000 		call adc_read
 1640               	.LVL130:
 1641 0426 9C01      		movw r18,r24
 1642               	.LSM249:
 1643 0428 892F      		mov r24,r25
 1644 042a 9927      		clr r25
 1645               	.LVL131:
 1646 042c 482F      		mov r20,r24
 1647 042e 4F70      		andi r20,lo8(15)
 1648 0430 8F70      		andi r24,lo8(15)
 1649 0432 9070      		andi r25,hi8(15)
 1650 0434 0A97      		sbiw r24,10
 1651 0436 00F4      		brsh .L147
 1652 0438 542F      		mov r21,r20
 1653 043a 505D      		subi r21,lo8(-(48))
 1654 043c 00C0      		rjmp .L148
 1655               	.L147:
 1656 043e 542F      		mov r21,r20
 1657 0440 595C      		subi r21,lo8(-(55))
 1658               	.L148:
 1659               	.LSM250:
 1660 0442 C901      		movw r24,r18
 1661               	.LVL132:
 1662 0444 74E0      		ldi r23,4
 1663 0446 9695      	1:	lsr r25
 1664 0448 8795      		ror r24
 1665 044a 7A95      		dec r23
 1666 044c 01F4      		brne 1b
 1667 044e 482F      		mov r20,r24
 1668 0450 4F70      		andi r20,lo8(15)
 1669 0452 8F70      		andi r24,lo8(15)
 1670 0454 9070      		andi r25,hi8(15)
 1671 0456 0A97      		sbiw r24,10
 1672 0458 00F4      		brsh .L149
 1673 045a 842F      		mov r24,r20
 1674 045c 805D      		subi r24,lo8(-(48))
 1675 045e 00C0      		rjmp .L150
 1676               	.L149:
 1677 0460 842F      		mov r24,r20
 1678 0462 895C      		subi r24,lo8(-(55))
 1679               	.L150:
 1680 0464 922F      		mov r25,r18
 1681               	.LVL133:
 1682 0466 9F70      		andi r25,lo8(15)
 1683               	.LSM251:
 1684 0468 2F70      		andi r18,lo8(15)
 1685 046a 3070      		andi r19,hi8(15)
 1686               	.LVL134:
 1687 046c 2A30      		cpi r18,10
 1688 046e 3105      		cpc r19,__zero_reg__
 1689 0470 00F4      		brsh .L151
 1690 0472 905D      		subi r25,lo8(-(48))
 1691 0474 00C0      		rjmp .L152
 1692               	.L151:
 1693 0476 995C      		subi r25,lo8(-(55))
 1694               	.L152:
 1695 0478 9B83      		std Y+3,r25
 1696               	.LSM252:
 1697 047a DC82      		std Y+4,r13
 1698               	.LSM253:
 1699 047c 8A83      		std Y+2,r24
 1700               	.LSM254:
 1701 047e 5983      		std Y+1,r21
 1702               	.LSM255:
 1703 0480 C701      		movw r24,r14
 1704 0482 64E0      		ldi r22,lo8(4)
 1705 0484 70E0      		ldi r23,hi8(4)
 1706 0486 0E94 0000 		call usb_serial_write
 1707               	.LVL135:
 1708               	.LSM256:
 1709 048a 0F5F      		subi r16,lo8(-(1))
 1710 048c 1F4F      		sbci r17,hi8(-(1))
 1711 048e 0A30      		cpi r16,10
 1712 0490 1105      		cpc r17,__zero_reg__
 1713 0492 01F4      		brne .L153
 1714 0494 00C0      		rjmp .L105
 1715               	.LVL136:
 1716               	.L183:
 1717               	.LSM257:
 1718 0496 87E0      		ldi r24,lo8(7)
 1719 0498 60E4      		ldi r22,lo8(64)
 1720 049a 0E94 0000 		call adc_start
 1721 049e 88E8      		ldi r24,lo8(5000)
 1722 04a0 93E1      		ldi r25,hi8(5000)
 1723               	.LVL137:
 1724               	.LBB73:
 1725               	.LBB74:
 1726               	.LBB75:
 1727               	.LBB76:
 1728               	.LSM258:
 1729 04a2 20E9      		ldi r18,lo8(400)
 1730 04a4 31E0      		ldi r19,hi8(400)
 1731               	.L154:
 1732 04a6 F901      		movw r30,r18
 1733               	.LVL138:
 1734               	/* #APP */
 1735               	 ;  105 "/usr/lib/gcc/avr/4.3.4/../../../avr/include/util/delay_basic.h" 1
 1736 04a8 3197      		1: sbiw r30,1
 1737 04aa 01F4      		brne 1b
 1738               	 ;  0 "" 2
 1739               	/* #NOAPP */
 1740               	.LBE76:
 1741               	.LBE75:
 1742               	.LSM259:
 1743 04ac 0197      		sbiw r24,1
 1744               	.LSM260:
 1745 04ae 01F4      		brne .L154
 1746 04b0 01E0      		ldi r16,lo8(1)
 1747 04b2 10E0      		ldi r17,hi8(1)
 1748               	.LVL139:
 1749               	.LBE74:
 1750               	.LBE73:
 1751               	.LSM261:
 1752 04b4 60E2      		ldi r22,lo8(32)
 1753 04b6 D62E      		mov r13,r22
 1754               	.LSM262:
 1755 04b8 7E01      		movw r14,r28
 1756 04ba 0894      		sec
 1757 04bc E11C      		adc r14,__zero_reg__
 1758 04be F11C      		adc r15,__zero_reg__
 1759               	.L161:
 1760               	.LSM263:
 1761 04c0 0E94 0000 		call adc_read
 1762               	.LVL140:
 1763 04c4 9C01      		movw r18,r24
 1764               	.LSM264:
 1765 04c6 892F      		mov r24,r25
 1766 04c8 9927      		clr r25
 1767               	.LVL141:
 1768 04ca 482F      		mov r20,r24
 1769 04cc 4F70      		andi r20,lo8(15)
 1770 04ce 8F70      		andi r24,lo8(15)
 1771 04d0 9070      		andi r25,hi8(15)
 1772 04d2 0A97      		sbiw r24,10
 1773 04d4 00F4      		brsh .L155
 1774 04d6 542F      		mov r21,r20
 1775 04d8 505D      		subi r21,lo8(-(48))
 1776 04da 00C0      		rjmp .L156
 1777               	.L155:
 1778 04dc 542F      		mov r21,r20
 1779 04de 595C      		subi r21,lo8(-(55))
 1780               	.L156:
 1781               	.LSM265:
 1782 04e0 C901      		movw r24,r18
 1783               	.LVL142:
 1784 04e2 44E0      		ldi r20,4
 1785 04e4 9695      	1:	lsr r25
 1786 04e6 8795      		ror r24
 1787 04e8 4A95      		dec r20
 1788 04ea 01F4      		brne 1b
 1789 04ec 482F      		mov r20,r24
 1790 04ee 4F70      		andi r20,lo8(15)
 1791 04f0 8F70      		andi r24,lo8(15)
 1792 04f2 9070      		andi r25,hi8(15)
 1793 04f4 0A97      		sbiw r24,10
 1794 04f6 00F4      		brsh .L157
 1795 04f8 842F      		mov r24,r20
 1796 04fa 805D      		subi r24,lo8(-(48))
 1797 04fc 00C0      		rjmp .L158
 1798               	.L157:
 1799 04fe 842F      		mov r24,r20
 1800 0500 895C      		subi r24,lo8(-(55))
 1801               	.L158:
 1802 0502 922F      		mov r25,r18
 1803               	.LVL143:
 1804 0504 9F70      		andi r25,lo8(15)
 1805               	.LSM266:
 1806 0506 2F70      		andi r18,lo8(15)
 1807 0508 3070      		andi r19,hi8(15)
 1808               	.LVL144:
 1809 050a 2A30      		cpi r18,10
 1810 050c 3105      		cpc r19,__zero_reg__
 1811 050e 00F4      		brsh .L159
 1812 0510 905D      		subi r25,lo8(-(48))
 1813 0512 00C0      		rjmp .L160
 1814               	.L159:
 1815 0514 995C      		subi r25,lo8(-(55))
 1816               	.L160:
 1817 0516 9B83      		std Y+3,r25
 1818               	.LSM267:
 1819 0518 DC82      		std Y+4,r13
 1820               	.LSM268:
 1821 051a 8A83      		std Y+2,r24
 1822               	.LSM269:
 1823 051c 5983      		std Y+1,r21
 1824               	.LSM270:
 1825 051e C701      		movw r24,r14
 1826 0520 64E0      		ldi r22,lo8(4)
 1827 0522 70E0      		ldi r23,hi8(4)
 1828 0524 0E94 0000 		call usb_serial_write
 1829               	.LVL145:
 1830               	.LSM271:
 1831 0528 0F5F      		subi r16,lo8(-(1))
 1832 052a 1F4F      		sbci r17,hi8(-(1))
 1833 052c 0A30      		cpi r16,10
 1834 052e 1105      		cpc r17,__zero_reg__
 1835 0530 01F4      		brne .L161
 1836 0532 00C0      		rjmp .L105
 1837               	.LVL146:
 1838               	.L180:
 1839               	.LSM272:
 1840 0534 81E0      		ldi r24,lo8(1)
 1841 0536 00C0      		rjmp .L181
 1842               	.LVL147:
 1843               	.L105:
 1844               	.LSM273:
 1845 0538 80E0      		ldi r24,lo8(0)
 1846               	.L181:
 1847 053a 0E94 0000 		call usb_serial_putchar
 1848               	.LSM274:
 1849 053e 8AE0      		ldi r24,lo8(10)
 1850 0540 0E94 0000 		call usb_serial_putchar
 1851               	/* epilogue start */
 1852               	.LSM275:
 1853 0544 0F90      		pop __tmp_reg__
 1854 0546 0F90      		pop __tmp_reg__
 1855 0548 0F90      		pop __tmp_reg__
 1856 054a 0F90      		pop __tmp_reg__
 1857 054c CF91      		pop r28
 1858 054e DF91      		pop r29
 1859 0550 1F91      		pop r17
 1860               	.LVL148:
 1861 0552 0F91      		pop r16
 1862               	.LVL149:
 1863 0554 FF90      		pop r15
 1864 0556 EF90      		pop r14
 1865 0558 DF90      		pop r13
 1866 055a 0895      		ret
 1867               	.LFE10:
 1869               		.section	.text.handle_command,"ax",@progbits
 1870               	.global	handle_command
 1872               	handle_command:
 1873               	.LFB14:
 1874               	.LSM276:
 1875               	.LVL150:
 1876               	/* prologue: function */
 1877               	/* frame size = 0 */
 1878 0000 FC01      		movw r30,r24
 1879               	.LSM277:
 1880 0002 6623      		tst r22
 1881 0004 01F0      		breq .L193
 1882               	.LVL151:
 1883               	.LSM278:
 1884 0006 8081      		ld r24,Z
 1885 0008 8330      		cpi r24,lo8(3)
 1886 000a 01F0      		breq .L189
 1887 000c 8430      		cpi r24,lo8(4)
 1888 000e 00F4      		brsh .L192
 1889 0010 8823      		tst r24
 1890 0012 01F0      		breq .L187
 1891 0014 8130      		cpi r24,lo8(1)
 1892 0016 01F4      		brne .L186
 1893 0018 00C0      		rjmp .L194
 1894               	.L192:
 1895 001a 8430      		cpi r24,lo8(4)
 1896 001c 01F0      		breq .L190
 1897 001e 8730      		cpi r24,lo8(7)
 1898 0020 01F4      		brne .L186
 1899 0022 00C0      		rjmp .L195
 1900               	.L187:
 1901               	.LSM279:
 1902 0024 0E94 0000 		call handle_version_command
 1903               	.LVL152:
 1904 0028 0895      		ret
 1905               	.LVL153:
 1906               	.L194:
 1907               	.LSM280:
 1908 002a CF01      		movw r24,r30
 1909 002c 0E94 0000 		call handle_ping_command
 1910               	.LVL154:
 1911 0030 0895      		ret
 1912               	.LVL155:
 1913               	.L189:
 1914               	.LSM281:
 1915 0032 0E94 0000 		call handle_pwm_ports_command
 1916               	.LVL156:
 1917 0036 0895      		ret
 1918               	.LVL157:
 1919               	.L190:
 1920               	.LSM282:
 1921 0038 8181      		ldd r24,Z+1
 1922 003a 6281      		ldd r22,Z+2
 1923               	.LVL158:
 1924 003c 0E94 0000 		call handle_set_pwm_command
 1925               	.LVL159:
 1926 0040 0895      		ret
 1927               	.LVL160:
 1928               	.L195:
 1929               	.LSM283:
 1930 0042 8181      		ldd r24,Z+1
 1931 0044 0E94 0000 		call handle_sensor_query
 1932               	.LVL161:
 1933 0048 0895      		ret
 1934               	.LVL162:
 1935               	.L186:
 1936               	.LSM284:
 1937 004a 80E0      		ldi r24,lo8(__c.1587)
 1938 004c 90E0      		ldi r25,hi8(__c.1587)
 1939 004e 0E94 0000 		call send_str
 1940               	.LVL163:
 1941               	.L193:
 1942 0052 0895      		ret
 1943               	.LFE14:
 1945               		.section	.progmem.data,"a",@progbits
 1948               	__c.1657:
 1949 0000 222C 206D 		.string	"\", must be ? or =\r\n"
 1949      7573 7420 
 1949      6265 203F 
 1949      206F 7220 
 1949      3D0D 0A00 
 1952               	__c.1655:
 1953 0014 556E 6B6E 		.string	"Unknown command \""
 1953      6F77 6E20 
 1953      636F 6D6D 
 1953      616E 6420 
 1953      2200 
 1956               	__c.1653:
 1957 0026 222C 206D 		.string	"\", must be 0 or 1\r\n"
 1957      7573 7420 
 1957      6265 2030 
 1957      206F 7220 
 1957      310D 0A00 
 1960               	__c.1651:
 1961 003a 556E 6B6E 		.string	"Unknown value \""
 1961      6F77 6E20 
 1961      7661 6C75 
 1961      6520 2200 
 1964               	__c.1649:
 1965 004a 0D0A 00   		.string	"\r\n"
 1968               	__c.1647:
 1969 004d 222C 206D 		.string	"\", must be 0 to 7\r\n"
 1969      7573 7420 
 1969      6265 2030 
 1969      2074 6F20 
 1969      370D 0A00 
 1972               	__c.1645:
 1973 0061 556E 6B6E 		.string	"Unknown pin \""
 1973      6F77 6E20 
 1973      7069 6E20 
 1973      2200 
 1976               	__c.1643:
 1977 006f 222C 206D 		.string	"\", must be A - F\r\n"
 1977      7573 7420 
 1977      6265 2041 
 1977      202D 2046 
 1977      0D0A 00
 1980               	__c.1641:
 1981 0082 556E 6B6E 		.string	"Unknown port \""
 1981      6F77 6E20 
 1981      706F 7274 
 1981      2022 00
 1984               	__c.1639:
 1985 0091 756E 7265 		.string	"unrecognized format, 3 chars min req'd\r\n"
 1985      636F 676E 
 1985      697A 6564 
 1985      2066 6F72 
 1985      6D61 742C 
 1988               	__c.1587:
 1989 00ba 494E 5641 		.string	"INVALID_COMMAND_CODE"
 1989      4C49 445F 
 1989      434F 4D4D 
 1989      414E 445F 
 1989      434F 4445 
 1992               	__c.1574:
 1993 00cf 0102 0304 		.string	"\001\002\003\004\005\006\007\b\n"
 1993      0506 0708 
 1993      0A00 
 1996               	__c.1557:
 1997 00d9 4C61 6D70 		.string	"Lamp Controler\n"
 1997      2043 6F6E 
 1997      7472 6F6C 
 1997      6572 0A00 
 2118               	.Letext0:
DEFINED SYMBOLS
                            *ABS*:00000000 lightctl.c
     /tmp/ccsLvsAV.s:2      *ABS*:0000003f __SREG__
     /tmp/ccsLvsAV.s:3      *ABS*:0000003e __SP_H__
     /tmp/ccsLvsAV.s:4      *ABS*:0000003d __SP_L__
     /tmp/ccsLvsAV.s:5      *ABS*:00000034 __CCP__
     /tmp/ccsLvsAV.s:6      *ABS*:00000000 __tmp_reg__
     /tmp/ccsLvsAV.s:7      *ABS*:00000001 __zero_reg__
     /tmp/ccsLvsAV.s:21     .text.set_default_duty_cycles:00000000 set_default_duty_cycles
     /tmp/ccsLvsAV.s:65     .text.setup_pwms:00000000 setup_pwms
     /tmp/ccsLvsAV.s:110    .text.send_str:00000000 send_str
     /tmp/ccsLvsAV.s:155    .text.parse_and_execute_command:00000000 parse_and_execute_command
     /tmp/ccsLvsAV.s:1984   .progmem.data:00000091 __c.1639
     /tmp/ccsLvsAV.s:1980   .progmem.data:00000082 __c.1641
     /tmp/ccsLvsAV.s:1976   .progmem.data:0000006f __c.1643
     /tmp/ccsLvsAV.s:1972   .progmem.data:00000061 __c.1645
     /tmp/ccsLvsAV.s:1968   .progmem.data:0000004d __c.1647
     /tmp/ccsLvsAV.s:1964   .progmem.data:0000004a __c.1649
     /tmp/ccsLvsAV.s:1960   .progmem.data:0000003a __c.1651
     /tmp/ccsLvsAV.s:1956   .progmem.data:00000026 __c.1653
     /tmp/ccsLvsAV.s:1952   .progmem.data:00000014 __c.1655
     /tmp/ccsLvsAV.s:1948   .progmem.data:00000000 __c.1657
     /tmp/ccsLvsAV.s:360    .text.handle_pwm_ports_command:00000000 handle_pwm_ports_command
     /tmp/ccsLvsAV.s:1992   .progmem.data:000000cf __c.1574
     /tmp/ccsLvsAV.s:383    .text.handle_ping_command:00000000 handle_ping_command
     /tmp/ccsLvsAV.s:440    .text.handle_version_command:00000000 handle_version_command
     /tmp/ccsLvsAV.s:1996   .progmem.data:000000d9 __c.1557
     /tmp/ccsLvsAV.s:460    .text.handle_set_pwm_command:00000000 handle_set_pwm_command
     /tmp/ccsLvsAV.s:577    .text.recv_str:00000000 recv_str
     /tmp/ccsLvsAV.s:653    .text.sensor_display:00000000 sensor_display
     /tmp/ccsLvsAV.s:815    .text.main:00000000 main
     /tmp/ccsLvsAV.s:836    .text.handle_sensor_query:00000000 handle_sensor_query
     /tmp/ccsLvsAV.s:1872   .text.handle_command:00000000 handle_command
     /tmp/ccsLvsAV.s:1988   .progmem.data:000000ba __c.1587

UNDEFINED SYMBOLS
__do_copy_data
__do_clear_bss
usb_serial_putchar
usb_serial_getchar
usb_configured
usb_serial_get_control
adc_start
adc_read
usb_serial_write
