   1               		.file	"sampling.c"
   2               	__SREG__ = 0x3f
   3               	__SP_H__ = 0x3e
   4               	__SP_L__ = 0x3d
   5               	__CCP__  = 0x34
   6               	__tmp_reg__ = 0
   7               	__zero_reg__ = 1
   8               		.global __do_copy_data
   9               		.global __do_clear_bss
  17               	.Ltext0:
  18               		.section	.text.adc_start,"ax",@progbits
  19               	.global	adc_start
  21               	adc_start:
  22               	.LFB2:
  23               	.LSM0:
  24               	.LVL0:
  25               	/* prologue: function */
  26               	/* frame size = 0 */
  27               	.LSM1:
  28 0000 EAE7      		ldi r30,lo8(122)
  29 0002 F0E0      		ldi r31,hi8(122)
  30 0004 96E8      		ldi r25,lo8(-122)
  31 0006 9083      		st Z,r25
  32               	.LSM2:
  33 0008 982F      		mov r25,r24
  34 000a 9072      		andi r25,lo8(32)
  35 000c 9068      		ori r25,lo8(-128)
  36 000e 9093 7B00 		sts 123,r25
  37               	.LSM3:
  38 0012 8F71      		andi r24,lo8(31)
  39               	.LVL1:
  40 0014 862B      		or r24,r22
  41 0016 8093 7C00 		sts 124,r24
  42               	.LSM4:
  43 001a 1092 0000 		sts head,__zero_reg__
  44               	.LSM5:
  45 001e 1092 0000 		sts tail,__zero_reg__
  46               	.LSM6:
  47 0022 8EEE      		ldi r24,lo8(-18)
  48               	.LVL2:
  49 0024 8083      		st Z,r24
  50               	.LSM7:
  51               	/* #APP */
  52               	 ;  21 "sampling.c" 1
  53 0026 7894      		sei
  54               	 ;  0 "" 2
  55               	/* epilogue start */
  56               	.LSM8:
  57               	/* #NOAPP */
  58 0028 0895      		ret
  59               	.LFE2:
  61               		.section	.text.adc_available,"ax",@progbits
  62               	.global	adc_available
  64               	adc_available:
  65               	.LFB3:
  66               	.LSM9:
  67               	/* prologue: function */
  68               	/* frame size = 0 */
  69               	.LSM10:
  70 0000 8091 0000 		lds r24,head
  71               	.LVL3:
  72               	.LSM11:
  73 0004 9091 0000 		lds r25,tail
  74               	.LVL4:
  75               	.LSM12:
  76 0008 8917      		cp r24,r25
  77 000a 00F0      		brlo .L4
  78 000c 892F      		mov r24,r25
  79               	.LVL5:
  80 000e 0895      		ret
  81               	.L4:
  82               	.LSM13:
  83 0010 8E5F      		subi r24,lo8(-(2))
  84               	.LVL6:
  85 0012 891B      		sub r24,r25
  86               	.LVL7:
  87               	.LSM14:
  88 0014 0895      		ret
  89               	.LFE3:
  91               		.section	.text.adc_read,"ax",@progbits
  92               	.global	adc_read
  94               	adc_read:
  95               	.LFB4:
  96               	.LSM15:
  97               	/* prologue: function */
  98               	/* frame size = 0 */
  99               	.L8:
 100               	.LSM16:
 101 0000 8091 0000 		lds r24,head
 102               	.LVL8:
 103               	.LSM17:
 104 0004 E091 0000 		lds r30,tail
 105               	.LVL9:
 106               	.LSM18:
 107 0008 8E17      		cp r24,r30
 108 000a 01F0      		breq .L8
 109               	.LSM19:
 110 000c 8E2F      		mov r24,r30
 111               	.LVL10:
 112 000e 8F5F      		subi r24,lo8(-(1))
 113               	.LVL11:
 114 0010 8230      		cpi r24,lo8(2)
 115 0012 00F0      		brlo .L9
 116 0014 80E0      		ldi r24,lo8(0)
 117               	.L9:
 118               	.LSM20:
 119 0016 E82F      		mov r30,r24
 120 0018 F0E0      		ldi r31,lo8(0)
 121 001a EE0F      		lsl r30
 122 001c FF1F      		rol r31
 123 001e E050      		subi r30,lo8(-(buffer))
 124 0020 F040      		sbci r31,hi8(-(buffer))
 125 0022 2081      		ld r18,Z
 126 0024 3181      		ldd r19,Z+1
 127               	.LVL12:
 128               	.LSM21:
 129 0026 8093 0000 		sts tail,r24
 130               	.LSM22:
 131 002a C901      		movw r24,r18
 132               	.LVL13:
 133               	/* epilogue start */
 134 002c 0895      		ret
 135               	.LFE4:
 137               		.section	.text.__vector_29,"ax",@progbits
 138               	.global	__vector_29
 140               	__vector_29:
 141               	.LFB5:
 142               	.LSM23:
 143 0000 1F92      		push __zero_reg__
 144 0002 0F92      		push r0
 145 0004 0FB6      		in r0,__SREG__
 146 0006 0F92      		push r0
 147 0008 1124      		clr __zero_reg__
 148 000a 2F93      		push r18
 149 000c 3F93      		push r19
 150 000e 8F93      		push r24
 151 0010 9F93      		push r25
 152 0012 EF93      		push r30
 153 0014 FF93      		push r31
 154               	/* prologue: Signal */
 155               	/* frame size = 0 */
 156               	.LSM24:
 157 0016 2091 7800 		lds r18,120
 158 001a 3091 7900 		lds r19,(120)+1
 159               	.LSM25:
 160 001e 9091 0000 		lds r25,head
 161               	.LVL14:
 162 0022 9F5F      		subi r25,lo8(-(1))
 163               	.LSM26:
 164 0024 9230      		cpi r25,lo8(2)
 165 0026 00F0      		brlo .L13
 166 0028 90E0      		ldi r25,lo8(0)
 167               	.L13:
 168               	.LSM27:
 169 002a 8091 0000 		lds r24,tail
 170 002e 9817      		cp r25,r24
 171 0030 01F0      		breq .L15
 172               	.LSM28:
 173 0032 E92F      		mov r30,r25
 174 0034 F0E0      		ldi r31,lo8(0)
 175 0036 EE0F      		lsl r30
 176 0038 FF1F      		rol r31
 177 003a E050      		subi r30,lo8(-(buffer))
 178 003c F040      		sbci r31,hi8(-(buffer))
 179 003e 3183      		std Z+1,r19
 180 0040 2083      		st Z,r18
 181               	.LSM29:
 182 0042 9093 0000 		sts head,r25
 183               	.L15:
 184               	/* epilogue start */
 185               	.LSM30:
 186 0046 FF91      		pop r31
 187 0048 EF91      		pop r30
 188 004a 9F91      		pop r25
 189               	.LVL15:
 190 004c 8F91      		pop r24
 191 004e 3F91      		pop r19
 192 0050 2F91      		pop r18
 193 0052 0F90      		pop r0
 194 0054 0FBE      		out __SREG__,r0
 195 0056 0F90      		pop r0
 196 0058 1F90      		pop __zero_reg__
 197 005a 1895      		reti
 198               	.LFE5:
 200               		.lcomm head,1
 201               		.lcomm tail,1
 202               		.lcomm buffer,4
 251               	.Letext0:
DEFINED SYMBOLS
                            *ABS*:00000000 sampling.c
     /tmp/ccoGZHIi.s:2      *ABS*:0000003f __SREG__
     /tmp/ccoGZHIi.s:3      *ABS*:0000003e __SP_H__
     /tmp/ccoGZHIi.s:4      *ABS*:0000003d __SP_L__
     /tmp/ccoGZHIi.s:5      *ABS*:00000034 __CCP__
     /tmp/ccoGZHIi.s:6      *ABS*:00000000 __tmp_reg__
     /tmp/ccoGZHIi.s:7      *ABS*:00000001 __zero_reg__
     /tmp/ccoGZHIi.s:21     .text.adc_start:00000000 adc_start
                             .bss:00000000 head
     /tmp/ccoGZHIi.s:200    .bss:00000001 tail
     /tmp/ccoGZHIi.s:64     .text.adc_available:00000000 adc_available
     /tmp/ccoGZHIi.s:94     .text.adc_read:00000000 adc_read
     /tmp/ccoGZHIi.s:201    .bss:00000002 buffer
     /tmp/ccoGZHIi.s:140    .text.__vector_29:00000000 __vector_29

UNDEFINED SYMBOLS
__do_copy_data
__do_clear_bss
